<?xml version="1.0" encoding="UTF-8"?>
<!-- Generated by org.testng.reporters.JUnitReportReporter -->
<testsuite hostname="DESKTOP-BB77LFE" failures="0" tests="2" name="tests.Login" time="41.919" errors="0" timestamp="2023-08-30T10:09:40 IST" skipped="0">
  <testcase classname="tests.Login" name="Login" time="23.050"/>
  <testcase classname="tests.Login" name="Login" time="18.869"/>
</testsuite> <!-- tests.Login -->
